<?xml version="1.0" encoding="UTF-8"?>
<!-- Generated by org.testng.reporters.JUnitReportReporter -->
<testsuite skipped="0" hostname="DESKTOP-0LTOJLS" name="com.inetbanking.TestCases.TC_AddCustomerTest_003" tests="1" failures="0" timestamp="20 Jan 2019 13:44:30 GMT" time="23.033" errors="0">
  <testcase name="addNewCustomer" time="23.033" classname="com.inetbanking.TestCases.TC_AddCustomerTest_003"/>
</testsuite> <!-- com.inetbanking.TestCases.TC_AddCustomerTest_003 -->
